3/9/2017 1:21:02 PM	This log contains information about the import schema operation into project 'UserManager.Database' on computer 'COPN2LB0TSG72' by user 'pjones220'.
3/9/2017 1:21:02 PM	Import of database schema has started.
3/9/2017 1:21:12 PM	Gathering database credentials
3/9/2017 1:21:12 PM	Gathering database options
3/9/2017 1:21:12 PM	Gathering users
3/9/2017 1:21:12 PM	Gathering roles
3/9/2017 1:21:12 PM	Gathering application roles
3/9/2017 1:21:12 PM	Gathering role memberships
3/9/2017 1:21:12 PM	Gathering filegroups
3/9/2017 1:21:12 PM	Gathering full-text catalogs
3/9/2017 1:21:12 PM	Gathering assemblies
3/9/2017 1:21:12 PM	Gathering certificates
3/9/2017 1:21:12 PM	Gathering asymmetric keys
3/9/2017 1:21:12 PM	Gathering symmetric keys
3/9/2017 1:21:12 PM	Gathering encrypted symmetric keys
3/9/2017 1:21:12 PM	Gathering schemas
3/9/2017 1:21:12 PM	Gathering XML schema collections
3/9/2017 1:21:12 PM	Gathering user-defined data types
3/9/2017 1:21:12 PM	Gathering user-defined types
3/9/2017 1:21:12 PM	Gathering table types
3/9/2017 1:21:12 PM	Gathering unique keys for table types
3/9/2017 1:21:12 PM	Gathering primary keys for table types
3/9/2017 1:21:12 PM	Gathering indexes for table types
3/9/2017 1:21:12 PM	Gathering check constraints for table types
3/9/2017 1:21:12 PM	Gathering default constraints for table types
3/9/2017 1:21:12 PM	Gathering partition functions
3/9/2017 1:21:12 PM	Gathering partition schemes
3/9/2017 1:21:12 PM	Gathering functions
3/9/2017 1:21:12 PM	Gathering encrypted functions
3/9/2017 1:21:12 PM	Gathering aggregates
3/9/2017 1:21:12 PM	Gathering procedures
3/9/2017 1:21:12 PM	Gathering encrypted procedures
3/9/2017 1:21:12 PM	Gathering tables
3/9/2017 1:21:12 PM	Gathering primary keys
3/9/2017 1:21:12 PM	Gathering unique constraints
3/9/2017 1:21:12 PM	Gathering foreign keys
3/9/2017 1:21:12 PM	Gathering default constraints
3/9/2017 1:21:12 PM	Gathering check constraints
3/9/2017 1:21:12 PM	Gathering views
3/9/2017 1:21:12 PM	Gathering encrypted views
3/9/2017 1:21:12 PM	Gathering indexes
3/9/2017 1:21:12 PM	Gathering statistics
3/9/2017 1:21:12 PM	Gathering full-text index stoplists
3/9/2017 1:21:12 PM	Gathering search property lists
3/9/2017 1:21:12 PM	Gathering search properties
3/9/2017 1:21:12 PM	Gathering full-text indexes
3/9/2017 1:21:12 PM	Gathering column store indexes
3/9/2017 1:21:12 PM	Gathering spatial indexes
3/9/2017 1:21:12 PM	Gathering XML indexes
3/9/2017 1:21:12 PM	Gathering Selective XML indexes
3/9/2017 1:21:12 PM	Gathering encrypted triggers
3/9/2017 1:21:12 PM	Gathering triggers
3/9/2017 1:21:12 PM	Gathering encrypted and clr ddl triggers
3/9/2017 1:21:12 PM	Gathering ddl triggers
3/9/2017 1:21:12 PM	Gathering synonyms
3/9/2017 1:21:12 PM	Gathering defaults
3/9/2017 1:21:12 PM	Gathering data constraint uddt bindings
3/9/2017 1:21:12 PM	Gathering rules
3/9/2017 1:21:12 PM	Gathering data constraint uddt bindings
3/9/2017 1:21:12 PM	Gathering message types
3/9/2017 1:21:12 PM	Gathering queues
3/9/2017 1:21:12 PM	Gathering contracts
3/9/2017 1:21:12 PM	Gathering services
3/9/2017 1:21:12 PM	Gathering event notifications
3/9/2017 1:21:12 PM	Gathering remote service bindings
3/9/2017 1:21:12 PM	Gathering broker priorities
3/9/2017 1:21:12 PM	Gathering signatures
3/9/2017 1:21:12 PM	Gathering data compression options
3/9/2017 1:21:12 PM	Gathering sequence types
3/9/2017 1:21:12 PM	Gathering security policies
3/9/2017 1:21:12 PM	Gather column encryption keys
3/9/2017 1:21:13 PM	Gathering column master keys
3/9/2017 1:21:13 PM	Gathering external data sources
3/9/2017 1:21:13 PM	Gathering external file formats
3/9/2017 1:21:13 PM	Gathering external tables
3/9/2017 1:21:13 PM	Gathering extended properties
3/9/2017 1:21:13 PM	Gathering credentials
3/9/2017 1:21:13 PM	Gathering logins
3/9/2017 1:21:13 PM	Gathering server audits
3/9/2017 1:21:13 PM	Scanning project for duplicate elements
3/9/2017 1:21:13 PM	Finished duplicate element processing
3/9/2017 1:21:13 PM	Finished importing database.
3/9/2017 1:21:13 PM	A summary of the import was saved to the following location: C:\Projects\UserManager\UserManager.Database\Import Schema Logs\UserManager.Database_20170309082102.log
3/9/2017 1:21:13 PM	Click Finish to continue...
